[debug] [2021-01-25T14:45:20.250Z] ----------------------------------------------------------------------
[debug] [2021-01-25T14:45:20.251Z] Command:       C:\Program Files\nodejs\node.exe C:\Users\heokyunam\AppData\Roaming\npm\node_modules\firebase-tools\lib\bin\firebase.js init
[debug] [2021-01-25T14:45:20.251Z] CLI Version:   9.2.1
[debug] [2021-01-25T14:45:20.252Z] Platform:      win32
[debug] [2021-01-25T14:45:20.252Z] Node Version:  v14.15.4
[debug] [2021-01-25T14:45:20.252Z] Time:          Mon Jan 25 2021 23:45:20 GMT+0900 (대한민국 표준시)
[debug] [2021-01-25T14:45:20.252Z] ----------------------------------------------------------------------
[debug] [2021-01-25T14:45:20.253Z] 
[debug] [2021-01-25T14:45:20.254Z] >>> [apiv2][query] GET https://firebase-public.firebaseio.com/cli.json [none]
[debug] [2021-01-25T14:45:20.269Z] > command requires scopes: ["email","openid","https://www.googleapis.com/auth/cloudplatformprojects.readonly","https://www.googleapis.com/auth/firebase","https://www.googleapis.com/auth/cloud-platform"]
[debug] [2021-01-25T14:45:20.270Z] > authorizing via signed-in user
[info] 
     ######## #### ########  ######## ########     ###     ######  ########
     ##        ##  ##     ## ##       ##     ##  ##   ##  ##       ##
     ######    ##  ########  ######   ########  #########  ######  ######
     ##        ##  ##    ##  ##       ##     ## ##     ##       ## ##
     ##       #### ##     ## ######## ########  ##     ##  ######  ########

You're about to initialize a Firebase project in this directory:

  D:\Workspace\Portfolio\Intro

[debug] [2021-01-25T14:45:21.003Z] <<< [apiv2][status] GET https://firebase-public.firebaseio.com/cli.json 200
[debug] [2021-01-25T14:45:21.003Z] <<< [apiv2][body] GET https://firebase-public.firebaseio.com/cli.json {"cloudBuildErrorAfter":1594252800000,"cloudBuildWarnAfter":1590019200000,"defaultNode10After":1594252800000,"minVersion":"3.0.5","node8DeploysDisabledAfter":1613390400000,"node8RuntimeDisabledAfter":1615809600000,"node8WarnAfter":1600128000000}
[info] 
=== Project Setup
[info] 
[info] First, let's associate this project directory with a Firebase project.
[info] You can create multiple project aliases by running firebase use --add, 
[info] but for now we'll just set up a default project.
[info] 
